CRITICAL - 2025-04-18 06:59:48 --> Error: Object of class CodeIgniter\Database\MySQLi\Connection could not be converted to string
[Method: GET, Route: testDB]
in APPPATH\Controllers\TestDB.php on line 14.
 1 SYSTEMPATH\CodeIgniter.php(933): App\Controllers\TestDB->index()
 2 SYSTEMPATH\CodeIgniter.php(507): CodeIgniter\CodeIgniter->runController(Object(App\Controllers\TestDB))
 3 SYSTEMPATH\CodeIgniter.php(354): CodeIgniter\CodeIgniter->handleRequest(null, Object(Config\Cache), false)
 4 SYSTEMPATH\Boot.php(334): CodeIgniter\CodeIgniter->run()
 5 SYSTEMPATH\Boot.php(67): CodeIgniter\Boot::runCodeIgniter(Object(CodeIgniter\CodeIgniter))
 6 FCPATH\index.php(56): CodeIgniter\Boot::bootWeb(Object(Config\Paths))
CRITICAL - 2025-04-18 06:59:51 --> Error: Object of class CodeIgniter\Database\MySQLi\Connection could not be converted to string
[Method: GET, Route: testDB]
in APPPATH\Controllers\TestDB.php on line 14.
 1 SYSTEMPATH\CodeIgniter.php(933): App\Controllers\TestDB->index()
 2 SYSTEMPATH\CodeIgniter.php(507): CodeIgniter\CodeIgniter->runController(Object(App\Controllers\TestDB))
 3 SYSTEMPATH\CodeIgniter.php(354): CodeIgniter\CodeIgniter->handleRequest(null, Object(Config\Cache), false)
 4 SYSTEMPATH\Boot.php(334): CodeIgniter\CodeIgniter->run()
 5 SYSTEMPATH\Boot.php(67): CodeIgniter\Boot::runCodeIgniter(Object(CodeIgniter\CodeIgniter))
 6 FCPATH\index.php(56): CodeIgniter\Boot::bootWeb(Object(Config\Paths))
CRITICAL - 2025-04-18 07:00:12 --> Error: Object of class CodeIgniter\Database\MySQLi\Connection could not be converted to string
[Method: GET, Route: testDB]
in APPPATH\Controllers\TestDB.php on line 14.
 1 SYSTEMPATH\CodeIgniter.php(933): App\Controllers\TestDB->index()
 2 SYSTEMPATH\CodeIgniter.php(507): CodeIgniter\CodeIgniter->runController(Object(App\Controllers\TestDB))
 3 SYSTEMPATH\CodeIgniter.php(354): CodeIgniter\CodeIgniter->handleRequest(null, Object(Config\Cache), false)
 4 SYSTEMPATH\Boot.php(334): CodeIgniter\CodeIgniter->run()
 5 SYSTEMPATH\Boot.php(67): CodeIgniter\Boot::runCodeIgniter(Object(CodeIgniter\CodeIgniter))
 6 FCPATH\index.php(56): CodeIgniter\Boot::bootWeb(Object(Config\Paths))
CRITICAL - 2025-04-18 07:00:14 --> Error: Object of class CodeIgniter\Database\MySQLi\Connection could not be converted to string
[Method: GET, Route: testDB]
in APPPATH\Controllers\TestDB.php on line 14.
 1 SYSTEMPATH\CodeIgniter.php(933): App\Controllers\TestDB->index()
 2 SYSTEMPATH\CodeIgniter.php(507): CodeIgniter\CodeIgniter->runController(Object(App\Controllers\TestDB))
 3 SYSTEMPATH\CodeIgniter.php(354): CodeIgniter\CodeIgniter->handleRequest(null, Object(Config\Cache), false)
 4 SYSTEMPATH\Boot.php(334): CodeIgniter\CodeIgniter->run()
 5 SYSTEMPATH\Boot.php(67): CodeIgniter\Boot::runCodeIgniter(Object(CodeIgniter\CodeIgniter))
 6 FCPATH\index.php(56): CodeIgniter\Boot::bootWeb(Object(Config\Paths))
CRITICAL - 2025-04-18 07:00:15 --> Error: Object of class CodeIgniter\Database\MySQLi\Connection could not be converted to string
[Method: GET, Route: testDB]
in APPPATH\Controllers\TestDB.php on line 14.
 1 SYSTEMPATH\CodeIgniter.php(933): App\Controllers\TestDB->index()
 2 SYSTEMPATH\CodeIgniter.php(507): CodeIgniter\CodeIgniter->runController(Object(App\Controllers\TestDB))
 3 SYSTEMPATH\CodeIgniter.php(354): CodeIgniter\CodeIgniter->handleRequest(null, Object(Config\Cache), false)
 4 SYSTEMPATH\Boot.php(334): CodeIgniter\CodeIgniter->run()
 5 SYSTEMPATH\Boot.php(67): CodeIgniter\Boot::runCodeIgniter(Object(CodeIgniter\CodeIgniter))
 6 FCPATH\index.php(56): CodeIgniter\Boot::bootWeb(Object(Config\Paths))
